loading mahalanobis stats...
Extracting features from layer: layer1...
Extracting features from layer: layer2...
Extracting features from layer: layer3...
Extracting features from layer: layer4...
Extracting features from layer: avgpool...
Computing OOD scores for msp_score...
Computing OOD scores for msp_score...
Computing OOD scores for max_logit_score...
Computing OOD scores for max_logit_score...
Computing OOD scores for energy_score...
Computing OOD scores for energy_score...
Computing Mahalanobis scores...
Computing Mahalanobis scores...
Computing Multibranch Mahalanobis scores...
Computing Mahalanobis scores...
Computing Mahalanobis scores...
Computing Mahalanobis scores...
Computing Mahalanobis scores...
Computing Mahalanobis scores...
Computing Multibranch Mahalanobis scores...
Computing Mahalanobis scores...
Computing Mahalanobis scores...
Computing Mahalanobis scores...
Computing Mahalanobis scores...
Computing Mahalanobis scores...
--Results--:
Métrique -MSP- - AUROC: 0.8063
Métrique -Max Logit- - AUROC: 0.8231
Métrique -Energy- - AUROC: 0.8319
Métrique -Mahalanobis- - AUROC: 0.7737
Métrique -Multibranch Mahalanobis- - AUROC: 0.8459
End of inference!
