loading mahalanobis stats...
loading multibranch mahalanobis stats...
Extracting features/logits for Vim from : avgpool
Computing ViM parameters...
calibrated vim, alpha = 2.3073
Computing OOD scores for msp_score...
Computing OOD scores for msp_score...
Computing OOD scores for max_logit_score...
Computing OOD scores for max_logit_score...
Computing OOD scores for energy_score...
Computing OOD scores for energy_score...
Computing Mahalanobis scores...
Computing Mahalanobis scores...
Computing Multibranch Mahalanobis scores...
Computing Mahalanobis scores...
Computing Mahalanobis scores...
Computing Mahalanobis scores...
Computing Mahalanobis scores...
Computing Mahalanobis scores...
Computing Multibranch Mahalanobis scores...
Computing Mahalanobis scores...
Computing Mahalanobis scores...
Computing Mahalanobis scores...
Computing Mahalanobis scores...
Computing Mahalanobis scores...
Calcul des scores ViM...
Calcul des scores ViM...
--Results--:
Metric -MSP- - AUROC: 0.8063
Metric -Max Logit- - AUROC: 0.8231
Metric -Energy- - AUROC: 0.8319
Metric -Mahalanobis- - AUROC: 0.7737
Metric -Multibranch Mahalanobis- - AUROC: 0.8459
Metric -ViM- - AUROC: 0.7035
End of inference!
